1567491951610	mozrunner::runner	INFO	Running command: "C:\\Program Files\\Mozilla Firefox\\firefox.exe" "-marionette" "-foreground" "-no-remote" "-profile" "C:\\Users\\MARTIN~1.CHE\\AppData\\Local\\Temp\\rust_mozprofile.wbSHQV38NQAP"
1567491954847	addons.webextension.screenshots@mozilla.org	WARN	Loading extension 'screenshots@mozilla.org': Reading manifest: Invalid extension permission: mozillaAddons
1567491954847	addons.webextension.screenshots@mozilla.org	WARN	Loading extension 'screenshots@mozilla.org': Reading manifest: Invalid extension permission: telemetry
1567491954848	addons.webextension.screenshots@mozilla.org	WARN	Loading extension 'screenshots@mozilla.org': Reading manifest: Invalid extension permission: resource://pdf.js/
1567491954848	addons.webextension.screenshots@mozilla.org	WARN	Loading extension 'screenshots@mozilla.org': Reading manifest: Invalid extension permission: about:reader*
1567491958678	Marionette	INFO	Listening on port 54630
1567491959362	Marionette	WARN	TLS certificate errors will be ignored for this session
JavaScript warning: https://www.realestate.com.au/sold/public/vendors-28075250a5e7c30c59fd.js, line 3: Using //@ to indicate sourceMappingURL pragmas is deprecated. Use //# instead
JavaScript warning: https://www.realestate.com.au/sold/public/vendors-28075250a5e7c30c59fd.js, line 6: Using //@ to indicate sourceMappingURL pragmas is deprecated. Use //# instead
JavaScript error: https://www.realestate.com.au/sold/public/main-b7f7cad56827bf4ab983.js, line 65: SyntaxError: expected expression, got end of script
[Parent 7740, Gecko_IOThread] WARNING: pipe error: 109: file z:/task_1565706750/build/src/ipc/chromium/src/chrome/common/ipc_channel_win.cc, line 341
[Parent 7740, Gecko_IOThread] WARNING: pipe error: 109: file z:/task_1565706750/build/src/ipc/chromium/src/chrome/common/ipc_channel_win.cc, line 341
[Child 9916, Chrome_ChildThread] WARNING: pipe error: 109: file z:/task_1565706750/build/src/ipc/chromium/src/chrome/common/ipc_channel_win.cc, line 341
[Child 99[Parent 7740, Gecko_IOThread] WARNING: pipe error: 109: file z:/task_1565706750/build/src/ipc/chromium/src/chrome/common/ipc_channel_win.cc, line 341
[Child 13280, Chrome_ChildThread] WARNING: pipe error: 109: file z:/task_1565706750/build/src/ipc/chromium/src/chrome/common/ipc_channel_win.cc, line 341
[Child1567493513824	Marionette	INFO	Stopped listening on port 54630
[GPU 13204, Ch
###!!! [Child][RunMessage] Error: Channel closing: too late to send/recv, messages will be lost


###!!! [Child][MessageChannel::SendAndWait] Error: Channel error: cannot send/recv

for this session
JavaScript warning: https://www.realestate.com.au/sold/public/vendors-28075250a5e7c30c59fd.js, line 3: Using //@ to indicate sourceMappingURL pragmas is deprecated. Use //# instead
JavaScript warning: https://www.realestate.com.au/sold/public/vendors-28075250a5e7c30c59fd.js, line 6: Using //@ to indicate sourceMappingURL pragmas is deprecated. Use //# instead
JavaScript warning: https://www.realestate.com.au/sold/public/vendors-28075250a5e7c30c59fd.js, line 3: Using //@ to indicate sourceMappingURL pragmas is deprecated. Use //# instead
JavaScript warning: https://www.realestate.com.au/sold/public/vendors-28075250a5e7c30c59fd.js, line 6: Using //@ to indicate sourceMappingURL pragmas is deprecated. Use //# instead
JavaScript error: https://www.realestate.com.au/buy/in-nsw/inspection-times-1, line 233: ReferenceError: s is not defined
JavaScript warning: https://www.realestate.com.au/sold/public/vendors-28075250a5e7c30c59fd.js, line 3: Using //@ to indicate sourceMappingURL pragmas is deprecated. Use //# instead
JavaScript warning: https://www.realestate.com.au/sold/public/vendors-28075250a5e7c30c59fd.js, line 6: Using //@ to indicate sourceMappingURL pragmas is deprecated. Use //# instead
JavaScript warning: https://www.realestate.com.au/sold/public/vendors-28075250a5e7c30c59fd.js, line 3: Using //@ to indicate sourceMappingURL pragmas is deprecated. Use //# instead
JavaScript warning: https://www.realestate.com.au/sold/public/vendors-28075250a5e7c30c59fd.js, line 6: Using //@ to indicate sourceMappingURL pragmas is deprecated. Use //# instead
JavaScript warning: https://static.adsafeprotected.com/sca.17.4.95.js, line 32: Array.slice is deprecated; use Array.prototype.slice instead
console.error: BroadcastService: 
  receivedBroadcastMessage: handler for
  remote-settings/monitor_changes
  threw error:
  Message: Error: Polling for changes failed: http://%(server)s/dummy/blocklist//buckets/monitor/collections/changes/records?_expected=%221567468810551%22 is not a valid URL..
  Stack:
    remoteSettingsFunction/remoteSettings.pollChanges@resource://services-settings/remote-settings.js:201:13

JavaScript warning: https://www.realestate.com.au/sold/public/vendors-27dc1d2347f24475a16d.js, line 3: Using //@ to indicate sourceMappingURL pragmas is deprecated. Use //# instead
JavaScript warning: https://www.realestate.com.au/sold/public/vendors-27dc1d2347f24475a16d.js, line 6: Using //@ to indicate sourceMappingURL pragmas is deprecated. Use //# instead
JavaScript warning: https://www.realestate.com.au/sold/public/vendors-27dc1d2347f24475a16d.js, line 3: Using //@ to indicate sourceMappingURL pragmas is deprecated. Use //# instead
JavaScript warning: https://www.realestate.com.au/sold/public/vendors-27dc1d2347f24475a16d.js, line 6: Using //@ to indicate sourceMappingURL pragmas is deprecated. Use //# instead
JavaScript warning: https://static.adsafeprotected.com/sca.17.4.95.js, line 32: Array.slice is deprecated; use Array.prototype.slice instead
JavaScript warning: https://static.adsafeprotected.com/sca.17.4.95.js, line 32: Array.slice is deprecated; use Array.prototype.slice instead
JavaScript warning: https://www.realestate.com.au/sold/public/vendors-27dc1d2347f24475a16d.js, line 3: Using //@ to indicate sourceMappingURL pragmas is deprecated. Use //# instead
JavaScript warning: https://www.realestate.com.au/sold/public/vendors-27dc1d2347f24475a16d.js, line 6: Using //@ to indicate sourceMappingURL pragmas is deprecated. Use //# instead
JavaScript warning: https://www.realestate.com.au/sold/public/vendors-27dc1d2347f24475a16d.js, line 3: Using //@ to indicate sourceMappingURL pragmas is deprecated. Use //# instead
JavaScript warning: https://www.realestate.com.au/sold/public/vendors-27dc1d2347f24475a16d.js, line 6: Using //@ to indicate sourceMappingURL pragmas is deprecated. Use //# instead
JavaScript warning: https://static.adsafeprotected.com/sca.17.4.95.js, line 32: Array.slice is deprecated; use Array.prototype.slice instead
JavaScript warning: https://static.adsafeprotected.com/sca.17.4.95.js, line 32: Array.slice is deprecated; use Array.prototype.slice instead
JavaScript warning: https://www.realestate.com.au/sold/public/vendors-27dc1d2347f24475a16d.js, line 3: Using //@ to indicate sourceMappingURL pragmas is deprecated. Use //# instead
JavaScript warning: https://www.realestate.com.au/sold/public/vendors-27dc1d2347f24475a16d.js, line 6: Using //@ to indicate sourceMappingURL pragmas is deprecated. Use //# instead
JavaScript warning: https://www.realestate.com.au/sold/public/vendors-27dc1d2347f24475a16d.js, line 3: Using //@ to indicate sourceMappingURL pragmas is deprecated. Use //# instead
JavaScript warning: https://www.realestate.com.au/sold/public/vendors-27dc1d2347f24475a16d.js, line 6: Using //@ to indicate sourceMappingURL pragmas is deprecated. Use //# instead
JavaScript warning: https://static.adsafeprotected.com/sca.17.4.95.js, line 32: Array.slice is deprecated; use Array.prototype.slice instead
JavaScript warning: https://www.realestate.com.au/sold/public/vendors-27dc1d2347f24475a16d.js, line 3: Using //@ to indicate sourceMappingURL pragmas is deprecated. Use //# instead
JavaScript warning: https://www.realestate.com.au/sold/public/vendors-27dc1d2347f24475a16d.js, line 6: Using //@ to indicate sourceMappingURL pragmas is deprecated. Use //# instead
JavaScript warning: https://www.realestate.com.au/sold/public/vendors-27dc1d2347f24475a16d.js, line 3: Using //@ to indicate sourceMappingURL pragmas is deprecated. Use //# instead
JavaScript warning: https://www.realestate.com.au/sold/public/vendors-27dc1d2347f24475a16d.js, line 6: Using //@ to indicate sourceMappingURL pragmas is deprecated. Use //# instead
[Parent 21476, Gecko_IOThread] WARNING: pipe error: 109: file z:/task_1565706750/build/src/ipc/chromium/src/chrome/common/ipc_channel_win.cc, line 341
IPDL protocol error: Handler returned error code!

###!!! [Parent][DispatchAsyncMessage] Error: PLayerTransaction::Msg_ReleaseLayer Processing error: message was deserialized, but the handler returned false (indicating failure)

IPDL protocol error: Handler returned error code!

###!!! [Parent][DispatchAsyncMessage] Error: PLayerTransaction::Msg_ReleaseLayer Processing error: message was deserialized, but the handler returned false (indicating failure)

IPDL protocol error: Handler returned error code!

###!!! [Parent][DispatchAsyncMessage] Error: PLayerTransaction::Msg_ReleaseLayer Processing error: message was deserialized, but the handler returned false (indicating failure)

IPDL protocol error: Handler returned error code!

###!!! [Parent][DispatchAsyncMessage] Error: PLayerTransaction::Msg_ReleaseLayer Processing error: message was deserialized, but the handler returned false (indicating failure)

IPDL protocol error: Handler returned error code!

###!!! [Parent][DispatchAsyncMessage] Error: PLayerTransaction::Msg_ReleaseLayer Processing error: message was deserialized, but the handler returned false (indicating failure)

IPDL protocol error: Handler returned error code!

###!!! [Parent][DispatchAsyncMessage] Error: PLayerTransaction::Msg_ReleaseLayer Processing error: message was deserialized, but the handler returned false (indicating failure)

IPDL protocol error: Handler returned error code!

###!!! [Parent][DispatchAsyncMessage] Error: PLayerTransaction::Msg_ReleaseLayer Processing error: message was deserialized, but the handler returned false (indicating failure)

IPDL protocol error: Handler returned error code!

###!!! [Parent][DispatchAsyncMessage] Error: PLayerTransaction::Msg_ReleaseLayer Processing error: message was deserialized, but the handler returned false (indicating failure)

IPDL protocol error: Handler returned error code!

###!!! [Parent][DispatchAsyncMessage] Error: PLayerTransaction::Msg_ReleaseLayer Processing error: message was deserialized, but the handler returned false (indicating failure)

IPDL protocol error: Handler returned error code!

###!!! [Parent][DispatchAsyncMessage] Error: PLayerTransaction::Msg_ReleaseLayer Processing error: message was deserialized, but the handler returned false (indicating failure)

[Parent 21476, Gecko_IOThread] WARNING: pipe error: 109: file z:/task_1565706750/build/src/ipc/chromium/src/chrome/common/ipc_channel_win.cc, line 341
[Child 22960, Chrome_ChildThread] WARNING: pipe error: 109: file z:/task_1565706750/build/src/ipc/chromium/src/chrome/common/ipc_channel_win.cc, line 341
[Child 22960, Chrome_ChildThread] WARNING: pipe error: 109: file z:/task_1565706750/build/sr
###!!! [Child][MessageChannel] Error: (msgtype=0x53000D,name=PHttpChannel::Msg_RemoveCorsPreflightCacheEntry) Closed channel: cannot send/recv

c/ipc/chromium/src/chrome/common/ipc_channel_win
###!!! [Child][MessageChannel] Error: (msgtype=0x53000D,name=PHttpChannel::Msg_RemoveCorsPreflightCacheEntry) Closed channel: cannot send/recv

.cc, line 341

###!!! [Child][MessageChannel] Error: (msgtype=0x53000D,name=PHttpChannel::Msg_RemoveCorsPreflightCacheEntry) Closed channel: cannot send/recv


###!!! [Child][MessageChannel] Error: (msgtype=0x53000D,name=PHttpChannel::Msg_RemoveCorsPreflightCacheEntry) Closed channel: cannot send/recv


###!!! [Child][MessageChannel] Error: (msgtype=0x53000D,name=PHttpChannel::Msg_RemoveCorsPreflightCacheEntry) Closed channel: cannot send/recv


###!!! [Child][MessageChannel] Error: (msgtype=0x53000D,name=PHttpChannel::Msg_RemoveCorsPreflightCacheEntry) Closed channel: cannot send/recv

[Parent 21476, Gecko_IOThread] WARNING: pipe error: 109: file z:/task_1565706750/build/src/ipc/chromium/src/chrome/common/ipc_channel_win.cc, line 341
[Child 7408, Chrome_ChildThread] WARNING: pipe error: 109: file z:/task_1565706750/build/src/ipc/chromium/src/chrome/common/ipc_channel_win.cc, line 341
[Child 71567496502219	Marionette	INFO	Stopped listening on port 56476

###!!! [Child][RunMessage] Error: Channel closing: too late to send/recv, messages will be lost

[GPU 2
###!!! [Child][MessageChannel::SendAndWait] Error: Channel error: cannot send/recv

1567496517519	mozrunner::runner	INFO	Running command: "C:\\Program Files\\Mozilla Firefox\\firefox.exe" "-marionette" "-foreground" "-no-remote" "-profile" "C:\\Users\\MARTIN~1.CHE\\AppData\\Local\\Temp\\rust_mozprofile.qbRaK0TtmWNA"
1567496520016	addons.webextension.screenshots@mozilla.org	WARN	Loading extension 'screenshots@mozilla.org': Reading manifest: Invalid extension permission: mozillaAddons
1567496520017	addons.webextension.screenshots@mozilla.org	WARN	Loading extension 'screenshots@mozilla.org': Reading manifest: Invalid extension permission: telemetry
1567496520017	addons.webextension.screenshots@mozilla.org	WARN	Loading extension 'screenshots@mozilla.org': Reading manifest: Invalid extension permission: resource://pdf.js/
1567496520018	addons.webextension.screenshots@mozilla.org	WARN	Loading extension 'screenshots@mozilla.org': Reading manifest: Invalid extension permission: about:reader*
1567496524394	Marionette	INFO	Listening on port 61803
1567496524418	Marionette	WARN	TLS certificate errors will be ignored for this session
JavaScript warning: https://www.realestate.com.au/sold/public/vendors-27dc1d2347f24475a16d.js, line 3: Using //@ to indicate sourceMappingURL pragmas is deprecated. Use //# instead
JavaScript warning: https://www.realestate.com.au/sold/public/vendors-27dc1d2347f24475a16d.js, line 6: Using //@ to indicate sourceMappingURL pragmas is deprecated. Use //# instead
JavaScript warning: https://www.realestate.com.au/sold/public/vendors-27dc1d2347f24475a16d.js, line 3: Using //@ to indicate sourceMappingURL pragmas is deprecated. Use //# instead
JavaScript warning: https://www.realestate.com.au/sold/public/vendors-27dc1d2347f24475a16d.js, line 6: Using //@ to indicate sourceMappingURL pragmas is deprecated. Use //# instead
JavaScript warning: https://www.realestate.com.au/sold/public/vendors-27dc1d2347f24475a16d.js, line 3: Using //@ to indicate sourceMappingURL pragmas is deprecated. Use //# instead
JavaScript warning: https://www.realestate.com.au/sold/public/vendors-27dc1d2347f24475a16d.js, line 6: Using //@ to indicate sourceMappingURL pragmas is deprecated. Use //# instead
JavaScript warning: https://www.realestate.com.au/sold/public/vendors-27dc1d2347f24475a16d.js, line 3: Using //@ to indicate sourceMappingURL pragmas is deprecated. Use //# instead
JavaScript warning: https://www.realestate.com.au/sold/public/vendors-27dc1d2347f24475a16d.js, line 6: Using //@ to indicate sourceMappingURL pragmas is deprecated. Use //# instead
JavaScript warning: https://www.realestate.com.au/sold/public/vendors-27dc1d2347f24475a16d.js, line 3: Using //@ to indicate sourceMappingURL pragmas is deprecated. Use //# instead
JavaScript warning: https://www.realestate.com.au/sold/public/vendors-27dc1d2347f24475a16d.js, line 6: Using //@ to indicate sourceMappingURL pragmas is deprecated. Use //# instead
JavaScript warning: https://www.realestate.com.au/sold/public/vendors-27dc1d2347f24475a16d.js, line 3: Using //@ to indicate sourceMappingURL pragmas is deprecated. Use //# instead
JavaScript warning: https://www.realestate.com.au/sold/public/vendors-27dc1d2347f24475a16d.js, line 6: Using //@ to indicate sourceMappingURL pragmas is deprecated. Use //# instead
JavaScript warning: https://static.adsafeprotected.com/sca.17.4.95.js, line 32: Array.slice is deprecated; use Array.prototype.slice instead
JavaScript warning: https://static.adsafeprotected.com/sca.17.4.95.js, line 32: Array.slice is deprecated; use Array.prototype.slice instead
JavaScript error: , line 0: uncaught exception: 7
JavaScript error: , line 0: uncaught exception: 7
JavaScript warning: https://www.realestate.com.au/sold/public/vendors-27dc1d2347f24475a16d.js, line 3: Using //@ to indicate sourceMappingURL pragmas is deprecated. Use //# instead
JavaScript warning: https://www.realestate.com.au/sold/public/vendors-27dc1d2347f24475a16d.js, line 6: Using //@ to indicate sourceMappingURL pragmas is deprecated. Use //# instead
JavaScript warning: https://www.realestate.com.au/sold/public/vendors-27dc1d2347f24475a16d.js, line 3: Using //@ to indicate sourceMappingURL pragmas is deprecated. Use //# instead
JavaScript warning: https://www.realestate.com.au/sold/public/vendors-27dc1d2347f24475a16d.js, line 6: Using //@ to indicate sourceMappingURL pragmas is deprecated. Use //# instead
JavaScript warning: https://static.adsafeprotected.com/sca.17.4.95.js, line 32: Array.slice is deprecated; use Array.prototype.slice instead
JavaScript warning: https://www.realestate.com.au/sold/public/vendors-27dc1d2347f24475a16d.js, line 3: Using //@ to indicate sourceMappingURL pragmas is deprecated. Use //# instead
JavaScript warning: https://www.realestate.com.au/sold/public/vendors-27dc1d2347f24475a16d.js, line 6: Using //@ to indicate sourceMappingURL pragmas is deprecated. Use //# instead
JavaScript warning: https://www.realestate.com.au/sold/public/vendors-27dc1d2347f24475a16d.js, line 3: Using //@ to indicate sourceMappingURL pragmas is deprecated. Use //# instead
JavaScript warning: https://www.realestate.com.au/sold/public/vendors-27dc1d2347f24475a16d.js, line 6: Using //@ to indicate sourceMappingURL pragmas is deprecated. Use //# instead
JavaScript warning: https://static.adsafeprotected.com/sca.17.4.95.js, line 32: Array.slice is deprecated; use Array.prototype.slice instead
JavaScript warning: https://static.adsafeprotected.com/sca.17.4.95.js, line 32: Array.slice is deprecated; use Array.prototype.slice instead
JavaScript error: https://cdn-gl.imrworldwide.com/novms/js/2/nlsSDK600.bundle.min.js, line 9: ReferenceError: method is not defined
[Parent 12824, Gecko_IOThread] WARNING: pipe error: 109: file z:/task_1565706750/build/src/ipc/chromium/src/chrome/common/ipc_channel_win.cc, line 341
JavaScript error: https://cdn-gl.imrworldwide.com/novms/js/2/nlsSDK600.bundle.min.js, line 7: TypeError: f.gIframe.contentWindow is null
[Parent 12824, Gecko_IOThread] WARNING: pipe error: 109: file z:/task_1565706750/build/src/ipc/chromium/src/chrome/common/ipc_channel_win.cc, line 341
[Child 21024, Chrome_ChildThread] WARNING: pipe error: 109: file z:/task_1565706750/build/src/ipc/chromium/src/chrome/common/ipc_channel_win.cc, line 341

###!!! [Child][MessageChannel] Error: (msgtype=0x530005,name=PHttpChannel::Msg_Cancel) Closed channel: cannot send/recv

[Child 21024, Chrome_ChildThread] WARNING: pipe error: 109: fi[Parent 12824, Gecko_IOThread] WARNING: pipe error: 109: file z:/task_1565706750/build/src/ipc/chromium/src/chrome/common/ipc_channel_win.cc, line 341
[Child 11648, Chrome_ChildThread] WARNING: pipe error: 109: file z:/task_1565706750/build/src/ipc/chromium/src/chrome/common/ipc_channel_win.cc, line 341
[Child 11641567504457909	Marionette	INFO	Stopped listening on port 61803
[GPU 16
###!!! [Child][RunMessage] Error: Channel closing: too late to send/recv, messages will be lost


###!!! [Child][MessageChannel::SendAndWait] Error: Channel error: cannot send/recv

dicate sourceMappingURL pragmas is deprecated. Use //# instead
JavaScript warning: https://www.realestate.com.au/sold/public/vendors-27dc1d2347f24475a16d.js, line 3: Using //@ to indicate sourceMappingURL pragmas is deprecated. Use //# instead
JavaScript warning: https://www.realestate.com.au/sold/public/vendors-27dc1d2347f24475a16d.js, line 6: Using //@ to indicate sourceMappingURL pragmas is deprecated. Use //# instead
JavaScript warning: https://static.adsafeprotected.com/sca.17.4.95.js, line 32: Array.slice is deprecated; use Array.prototype.slice instead
JavaScript warning: https://static.adsafeprotected.com/sca.17.4.95.js, line 32: Array.slice is deprecated; use Array.prototype.slice instead
JavaScript warning: https://www.realestate.com.au/sold/public/vendors-27dc1d2347f24475a16d.js, line 3: Using //@ to indicate sourceMappingURL pragmas is deprecated. Use //# instead
JavaScript warning: https://www.realestate.com.au/sold/public/vendors-27dc1d2347f24475a16d.js, line 6: Using //@ to indicate sourceMappingURL pragmas is deprecated. Use //# instead
JavaScript warning: https://www.realestate.com.au/sold/public/vendors-27dc1d2347f24475a16d.js, line 3: Using //@ to indicate sourceMappingURL pragmas is deprecated. Use //# instead
JavaScript warning: https://www.realestate.com.au/sold/public/vendors-27dc1d2347f24475a16d.js, line 6: Using //@ to indicate sourceMappingURL pragmas is deprecated. Use //# instead
JavaScript warning: https://static.adsafeprotected.com/sca.17.4.95.js, line 32: Array.slice is deprecated; use Array.prototype.slice instead
JavaScript warning: https://static.adsafeprotected.com/sca.17.4.95.js, line 32: Array.slice is deprecated; use Array.prototype.slice instead
JavaScript warning: https://static.adsafeprotected.com/sca.17.4.95.js, line 32: Array.slice is deprecated; use Array.prototype.slice instead
JavaScript warning: https://www.realestate.com.au/sold/public/vendors-27dc1d2347f24475a16d.js, line 3: Using //@ to indicate sourceMappingURL pragmas is deprecated. Use //# instead
JavaScript warning: https://www.realestate.com.au/sold/public/vendors-27dc1d2347f24475a16d.js, line 6: Using //@ to indicate sourceMappingURL pragmas is deprecated. Use //# instead
JavaScript warning: https://www.realestate.com.au/sold/public/vendors-27dc1d2347f24475a16d.js, line 3: Using //@ to indicate sourceMappingURL pragmas is deprecated. Use //# instead
JavaScript warning: https://www.realestate.com.au/sold/public/vendors-27dc1d2347f24475a16d.js, line 6: Using //@ to indicate sourceMappingURL pragmas is deprecated. Use //# instead
IPDL protocol error: Handler returned error code!

###!!! [Parent][DispatchAsyncMessage] Error: PLayerTransaction::Msg_ReleaseLayer Processing error: message was deserialized, but the handler returned false (indicating failure)

IPDL protocol error: Handler returned error code!

###!!! [Parent][DispatchAsyncMessage] Error: PLayerTransaction::Msg_ReleaseLayer Processing error: message was deserialized, but the handler returned false (indicating failure)

[Parent 14372, Gecko_IOThread] WARNING: pipe error: 109: file z:/task_1565706750/build/src/ipc/chromium/src/chrome/common/ipc_channel_win.cc, line 341
[Child 932, Chrome_ChildThread] WARNING: pipe error: 109: file z:/task_1565706750/build/src/ipc/chromium/src/chrome/common/ipc_channel_win.cc, line 341
[Child [Parent 14372, Gecko_IOThread] WARNING: pipe error: 109: file z:/task_1565706750/build/src/ipc/chromium/src/chrome/common/ipc_channel_win.cc, line 341
[Child 28240, Chrome_ChildThread] WARNING: pipe error: 109: file z:/task_1565706750/build/src/ipc/chromium/src/chrome/common/ipc_channel_win.cc, line 341
[Child 28240, Chrome_ChildThread] WARNING: pipe error: 109: file z:/task_1565706750/build/src/ipc/chromium/src/chrome/common/ipc_channel_win.cc, line 341

###!!! [Child][RunMessage] Error: Channel closing: too late to send/recv, messages will be lost


###!!! [Child][RunMessage] Error: Channel closing: too late to send/recv, messages will be lost


###!!! [Child][RunMessage] Error: Channel closing: too late to send/recv, messages will be lost


###!!! [Child][RunMessage] Error: Channel closing: too late to send/recv, messages will be lost


###!!! [Child][RunMessage] Error: Channel closing: too late to send/recv, messages will be lost


###!!! [Child][RunMessage] Error: Channel closing: too late to send/recv, messages will be lost


###!!! [Child][RunMessage] Error: Channel closing: too late to send/recv, messages will be lost


###!!! [Child][RunMessage] Error: Channel closing: too late to send/recv, messages will be lost


###!!! [Child][RunMessage] Error: Channel closing: too late to send/recv, messages will be lost


###!!! [Child][RunMessage] Error: Channel closing: too late to send/recv, messages will be lost


###!!! [Child][RunMessage] Error: Channel closing: too late to send/recv, messages will be lost


###!!! [Child][RunMessage] Error: Channel closing: too late to send/recv, messages will be lost


###!!! [Child][RunMessage] Error: Channel closing: too late to send/recv, messages will be lost


###!!! [Child][RunMessage] Error: Channel closing: too late to send/recv, messages will be lost


###!!! [Child][RunMessage] Error: Channel closing: too late to send/recv, messages will be lost


###!!! [Child][RunMessage] Error: Channel closing: too late to send/recv, messages will be lost


###!!! [Child][RunMessage] Error: Channel closing: too late to send/recv, messages will be lost


###!!! [Child][RunMessage] Error: Channel closing: too late to send/recv, messages will be lost


###!!! [Child][RunMessage] Error: Channel closing: too late to send/recv, messages will be lost


###!!! [Child][RunMessage] Error: Channel closing: too late to send/recv, messages will be lost


###!!! [Child][RunMessage] Error: Channel closing: too late to send/recv, messages will be lost


###!!! [Child][RunMessage] Error: Channel closing: too late to send/recv, messages will be lost


###!!! [Child][RunMessage] Error: Channel closing: too late to send/recv, messages will be lost


###!!! [Child][RunMessage] Error: Channel closing: too late to send/recv, messages will be lost


###!!! [Child][RunMessage] Error: Channel closing: too late to send/recv, messages will be lost


###!!! [Child][RunMessage] Error: Channel closing: too late to send/recv, messages will be lost

[Parent 14372, Gecko_IOThread] WARNING: pipe error: 109: file z:/task_1565706750/build/src/ipc/chromium/src/chrome/common/ipc_channel_win.cc, line 341
[Child 27072, Chrome_ChildThread] WARNING: pipe error: 109: file z:/task_1565706750/build/src/ipc/chromium/src/chrome/common/ipc_channel_win.cc, line 341
[Child 27072, C1567504331788	Marionette	INFO	Stopped listening on port 50289
[GPU 1559
###!!! [Child][RunMessage] Error: Channel closing: too late to send/recv, messages will be lost

6, C
###!!! [Child][MessageChannel::SendAndWait] Error: Channel error: cannot send/recv

1567504448847	mozrunner::runner	INFO	Running command: "C:\\Program Files\\Mozilla Firefox\\firefox.exe" "-marionette" "-foreground" "-no-remote" "-profile" "C:\\Users\\MARTIN~1.CHE\\AppData\\Local\\Temp\\rust_mozprofile.VvPGOoQj3Ruu"
1567504451871	addons.webextension.screenshots@mozilla.org	WARN	Loading extension 'screenshots@mozilla.org': Reading manifest: Invalid extension permission: mozillaAddons
1567504451872	addons.webextension.screenshots@mozilla.org	WARN	Loading extension 'screenshots@mozilla.org': Reading manifest: Invalid extension permission: telemetry
1567504451872	addons.webextension.screenshots@mozilla.org	WARN	Loading extension 'screenshots@mozilla.org': Reading manifest: Invalid extension permission: resource://pdf.js/
1567504451872	addons.webextension.screenshots@mozilla.org	WARN	Loading extension 'screenshots@mozilla.org': Reading manifest: Invalid extension permission: about:reader*
JavaScript error: resource://gre/modules/UrlClassifierListManager.jsm, line 67: NS_ERROR_XPC_GS_RETURNED_FAILURE: ServiceManager::GetService returned failure code:
JavaScript error: resource://gre/modules/SafeBrowsing.jsm, line 185: NS_ERROR_XPC_GS_RETURNED_FAILURE: ServiceManager::GetService returned failure code:
1567504457023	Marionette	INFO	Listening on port 51383
1567504457103	Marionette	WARN	TLS certificate errors will be ignored for this session
JavaScript warning: https://www.realestate.com.au/sold/public/vendors-27dc1d2347f24475a16d.js, line 3: Using //@ to indicate sourceMappingURL pragmas is deprecated. Use //# instead
JavaScript warning: https://www.realestate.com.au/sold/public/vendors-27dc1d2347f24475a16d.js, line 6: Using //@ to indicate sourceMappingURL pragmas is deprecated. Use //# instead
JavaScript warning: https://www.realestate.com.au/sold/public/vendors-27dc1d2347f24475a16d.js, line 3: Using //@ to indicate sourceMappingURL pragmas is deprecated. Use //# instead
JavaScript warning: https://www.realestate.com.au/sold/public/vendors-27dc1d2347f24475a16d.js, line 6: Using //@ to indicate sourceMappingURL pragmas is deprecated. Use //# instead
[Parent 24948, Gecko_IOThread] WARNING: pipe error: 109: file z:/task_1565706750/build/src/ipc/chromium/src/chrome/common/ipc_channel_win.cc, line 341
[Child 26116, Chrome_ChildThread] WARNING: pipe error: 109: file z:/task_1565706750/build/src/ipc/chromium/src/chrome/common/ipc_channel_win.cc, line 341
[Child 26116,IPDL protocol error: Handler returned error code!

###!!! [Parent][DispatchAsyncMessage] Error: PLayerTransaction::Msg_ReleaseLayer Processing error: message was deserialized, but the handler returned false (indicating failure)

IPDL protocol error: Handler returned error code!

###!!! [Parent][DispatchAsyncMessage] Error: PLayerTransaction::Msg_ReleaseLayer Processing error: message was deserialized, but the handler returned false (indicating failure)

IPDL protocol error: Handler returned error code!

###!!! [Parent][DispatchAsyncMessage] Error: PLayerTransaction::Msg_ReleaseLayer Processing error: message was deserialized, but the handler returned false (indicating failure)

IPDL protocol error: Handler returned error code!

###!!! [Parent][DispatchAsyncMessage] Error: PLayerTransaction::Msg_ReleaseLayer Processing error: message was deserialized, but the handler returned false (indicating failure)

IPDL protocol error: Handler returned error code!

###!!! [Parent][DispatchAsyncMessage] Error: PLayerTransaction::Msg_ReleaseLayer Processing error: message was deserialized, but the handler returned false (indicating failure)

IPDL protocol error: Handler returned error code!

###!!! [Parent][DispatchAsyncMessage] Error: PLayerTransaction::Msg_ReleaseLayer Processing error: message was deserialized, but the handler returned false (indicating failure)

IPDL protocol error: Handler returned error code!

###!!! [Parent][DispatchAsyncMessage] Error: PLayerTransaction::Msg_ReleaseLayer Processing error: message was deserialized, but the handler returned false (indicating failure)

IPDL protocol error: Handler returned error code!

###!!! [Parent][DispatchAsyncMessage] Error: PLayerTransaction::Msg_ReleaseLayer Processing error: message was deserialized, but the handler returned false (indicating failure)

IPDL protocol error: Handler returned error code!

###!!! [Parent][DispatchAsyncMessage] Error: PLayerTransaction::Msg_ReleaseLayer Processing error: message was deserialized, but the handler returned false (indicating failure)

IPDL protocol error: Handler returned error code!

###!!! [Parent][DispatchAsyncMessage] Error: PLayerTransaction::Msg_ReleaseLayer Processing error: message was deserialized, but the handler returned false (indicating failure)

[Parent 24948, Gecko_IOThread] WARNING: pipe error: 109: file z:/task_1565706750/build/src/ipc/chromium/src/chrome/common/ipc_channel_win.cc, line 341
[Child 12356, Chrome_ChildThread] WARNING: pipe error: 109: file z:/task_1565706750/build/src/ipc/chromium/src/chrome/common/ipc_channel_win.cc, line 341
[Child 12356, Chr[Parent 24948, Gecko_IOThread] WARNING: pipe error: 109: file z:/task_1565706750/build/src/ipc/chromium/src/chrome/common/ipc_channel_win.cc, line 341
[Child 780, Chrome_ChildThread] WARNING: pipe error: 109: file z:/task_1565706750/build/src/ipc/chromium/src/chrome/common/ipc_channel_win.cc, line 341
[Child 780, Chrome_ChildThread] WARNING: pipe error: 109: file z:/task_1565706750/build/src/ipc/chromium/src/chrome/common/ipc_channel_win.cc, line 341

###!!! [Child][MessageChannel] Error: (msgtype=0x53000D,name=PHttpChannel::Msg_RemoveCorsPreflightCacheEntry) Closed channel: cannot send/recv


###!!! [Child][MessageChannel] Error: (msgtype=0x53000D,name=PHttpChannel::Msg_RemoveCorsPreflightCacheEntry) Closed channel: cannot send/recv


###!!! [Child][MessageChannel] Error: (msgtype=0x53000D,name=PHttpChannel::Msg_RemoveCorsPreflightCacheEntry) Closed channel: cannot send/recv


###!!! [Child][MessageChannel] Error: (msgtype=0x53000D,name=PHttpChannel::Msg_RemoveCorsPreflightCacheEntry) Closed channel: cannot send/recv


###!!! [Child][MessageChannel] Error: (msgtype=0x53000D,name=PHttpChannel::Msg_RemoveCorsPreflightCacheEntry) Closed channel: cannot send/recv


###!!! [Child][MessageChannel] Error: (msgtype=0x53000D,name=PHttpChannel::Msg_RemoveCorsPreflightCacheEntry) Closed channel: cannot send/recv


###!!! [Child][MessageChannel] Error: (msgtype=0x53000D,name=PHttpChannel::Msg_RemoveCorsPreflightCacheEntry) Closed channel: cannot send/recv


###!!! [Child][MessageChannel] Error: (msgtype=0x53000D,name=PHttpChannel::Msg_RemoveCorsPreflightCacheEntry) Closed channel: cannot send/recv


###!!! [Child][MessageChannel] Error: (msgtype=0x53000D,name=PHttpChannel::Msg_RemoveCorsPreflightCacheEntry) Closed channel: cannot send/recv


###!!! [Child][MessageChannel] Error: (msgtype=0x53000D,name=PHttpChannel::Msg_RemoveCorsPreflightCacheEntry) Closed channel: cannot send/recv


###!!! [Child][MessageChannel] Error: (msgtype=0x53000D,name=PHttpChannel::Msg_RemoveCorsPreflightCacheEntry) Closed channel: cannot send/recv

1567504462013	Marionette	INFO	Stopped listening on port 51383
1567504505746	mozrunner::runner	INFO	Running command: "C:\\Program Files\\Mozilla Firefox\\firefox.exe" "-marionette" "-foreground" "-no-remote" "-profile" "C:\\Users\\MARTIN~1.CHE\\AppData\\Local\\Temp\\rust_mozprofile.pBrPS9wRUoMp"
1567504508044	addons.webextension.screenshots@mozilla.org	WARN	Loading extension 'screenshots@mozilla.org': Reading manifest: Invalid extension permission: mozillaAddons
1567504508044	addons.webextension.screenshots@mozilla.org	WARN	Loading extension 'screenshots@mozilla.org': Reading manifest: Invalid extension permission: telemetry
1567504508044	addons.webextension.screenshots@mozilla.org	WARN	Loading extension 'screenshots@mozilla.org': Reading manifest: Invalid extension permission: resource://pdf.js/
1567504508044	addons.webextension.screenshots@mozilla.org	WARN	Loading extension 'screenshots@mozilla.org': Reading manifest: Invalid extension permission: about:reader*
1567504512836	Marionette	INFO	Listening on port 51521
1567504512886	Marionette	WARN	TLS certificate errors will be ignored for this session
JavaScript warning: https://www.realestate.com.au/sold/public/vendors-27dc1d2347f24475a16d.js, line 3: Using //@ to indicate sourceMappingURL pragmas is deprecated. Use //# instead
JavaScript warning: https://www.realestate.com.au/sold/public/vendors-27dc1d2347f24475a16d.js, line 6: Using //@ to indicate sourceMappingURL pragmas is deprecated. Use //# instead
JavaScript warning: https://www.realestate.com.au/sold/public/vendors-27dc1d2347f24475a16d.js, line 3: Using //@ to indicate sourceMappingURL pragmas is deprecated. Use //# instead
JavaScript warning: https://www.realestate.com.au/sold/public/vendors-27dc1d2347f24475a16d.js, line 6: Using //@ to indicate sourceMappingURL pragmas is deprecated. Use //# instead
JavaScript warning: https://www.realestate.com.au/sold/public/vendors-27dc1d2347f24475a16d.js, line 3: Using //@ to indicate sourceMappingURL pragmas is deprecated. Use //# instead
JavaScript warning: https://www.realestate.com.au/sold/public/vendors-27dc1d2347f24475a16d.js, line 6: Using //@ to indicate sourceMappingURL pragmas is deprecated. Use //# instead
JavaScript warning: https://www.realestate.com.au/sold/public/vendors-27dc1d2347f24475a16d.js, line 3: Using //@ to indicate sourceMappingURL pragmas is deprecated. Use //# instead
JavaScript warning: https://www.realestate.com.au/sold/public/vendors-27dc1d2347f24475a16d.js, line 6: Using //@ to indicate sourceMappingURL pragmas is deprecated. Use //# instead
JavaScript warning: https://static.adsafeprotected.com/sca.17.4.95.js, line 32: Array.slice is deprecated; use Array.prototype.slice instead
JavaScript warning: https://static.adsafeprotected.com/sca.17.4.95.js, line 32: Array.slice is deprecated; use Array.prototype.slice instead
JavaScript warning: https://www.realestate.com.au/sold/public/vendors-27dc1d2347f24475a16d.js, line 3: Using //@ to indicate sourceMappingURL pragmas is deprecated. Use //# instead
JavaScript warning: https://www.realestate.com.au/sold/public/vendors-27dc1d2347f24475a16d.js, line 6: Using //@ to indicate sourceMappingURL pragmas is deprecated. Use //# instead
JavaScript warning: https://www.realestate.com.au/sold/public/vendors-27dc1d2347f24475a16d.js, line 3: Using //@ to indicate sourceMappingURL pragmas is deprecated. Use //# instead
JavaScript warning: https://www.realestate.com.au/sold/public/vendors-27dc1d2347f24475a16d.js, line 6: Using //@ to indicate sourceMappingURL pragmas is deprecated. Use //# instead
JavaScript warning: https://static.adsafeprotected.com/sca.17.4.95.js, line 32: Array.slice is deprecated; use Array.prototype.slice instead
JavaScript warning: https://www.realestate.com.au/sold/public/vendors-27dc1d2347f24475a16d.js, line 3: Using //@ to indicate sourceMappingURL pragmas is deprecated. Use //# instead
JavaScript warning: https://www.realestate.com.au/sold/public/vendors-27dc1d2347f24475a16d.js, line 6: Using //@ to indicate sourceMappingURL pragmas is deprecated. Use //# instead
JavaScript warning: https://www.realestate.com.au/sold/public/vendors-27dc1d2347f24475a16d.js, line 3: Using //@ to indicate sourceMappingURL pragmas is deprecated. Use //# instead
JavaScript warning: https://www.realestate.com.au/sold/public/vendors-27dc1d2347f24475a16d.js, line 6: Using //@ to indicate sourceMappingURL pragmas is deprecated. Use //# instead
JavaScript warning: https://static.adsafeprotected.com/sca.17.4.95.js, line 32: Array.slice is deprecated; use Array.prototype.slice instead
JavaScript warning: https://static.adsafeprotected.com/sca.17.4.95.js, line 32: Array.slice is deprecated; use Array.prototype.slice instead
console.error: BroadcastService: 
  receivedBroadcastMessage: handler for
  remote-settings/monitor_changes
  threw error:
  Message: Error: Polling for changes failed: http://%(server)s/dummy/blocklist//buckets/monitor/collections/changes/records?_expected=%221567468810551%22 is not a valid URL..
  Stack:
    remoteSettingsFunction/remoteSettings.pollChanges@resource://services-settings/remote-settings.js:201:13

JavaScript warning: https://static.adsafeprotected.com/sca.17.4.95.js, line 32: Array.slice is deprecated; use Array.prototype.slice instead
JavaScript warning: https://static.adsafeprotected.com/sca.17.4.95.js, line 32: Array.slice is deprecated; use Array.prototype.slice instead
JavaScript warning: https://static.adsafeprotected.com/sca.17.4.95.js, line 32: Array.slice is deprecated; use Array.prototype.slice instead
JavaScript warning: https://static.adsafeprotected.com/sca.17.4.95.js, line 32: Array.slice is deprecated; use Array.prototype.slice instead
JavaScript warning: https://static.adsafeprotected.com/sca.17.4.95.js, line 32: Array.slice is deprecated; use Array.prototype.slice instead
JavaScript warning: https://static.adsafeprotected.com/sca.17.4.95.js, line 32: Array.slice is deprecated; use Array.prototype.slice instead
JavaScript warning: https://static.adsafeprotected.com/sca.17.4.95.js, line 32: Array.slice is deprecated; use Array.prototype.slice instead
JavaScript warning: https://static.adsafeprotected.com/sca.17.4.95.js, line 32: Array.slice is deprecated; use Array.prototype.slice instead
[Child 23236, Chrome_ChildThread] WARNING: pipe error: 109: file z:/task_1565706750/build/src/ipc/chromium/src/chrome/common/ipc_channel_win.cc, line 341
[ChilIPDL protocol error: Handler returned error code!

###!!! [Parent][DispatchAsyncMessage] Error: PLayerTransaction::Msg_ReleaseLayer Processing error: message was deserialized, but the handler returned false (indicating failure)

IPDL protocol error: Handler returned error code!

###!!! [Parent][DispatchAsyncMessage] Error: PLayerTransaction::Msg_ReleaseLayer Processing error: message was deserialized, but the handler returned false (indicating failure)

IPDL protocol error: Handler returned error code!

###!!! [Parent][DispatchAsyncMessage] Error: PLayerTransaction::Msg_ReleaseLayer Processing error: message was deserialized, but the handler returned false (indicating failure)

IPDL protocol error: Handler returned error code!

###!!! [Parent][DispatchAsyncMessage] Error: PLayerTransaction::Msg_ReleaseLayer Processing error: message was deserialized, but the handler returned false (indicating failure)

[Parent 15596, Gecko_IOThread] WARNING: pipe error: 109: file z:/task_1565706750/build/src/ipc/chromium/src/chrome/common/ipc_channel_win.cc, line 341
[Child 28716, Chrome_ChildThread] WARNING: pipe error: 109: file z:/task_1565706750/build/src/ipc/chromium/src/chrome/common/ipc_channel_win.cc, line 341
[Child 28716, Chrome_ChildThread] WARNING: pipe error: 109: file z:/task_1[Parent 15596, Gecko_IOThread] WARNING: pipe error: 109: file z:/task_1565706750/build/src/ipc/chromium/src/chrome/common/ipc_channel_win.cc, line 341
[Child 10588, Chrome_ChildThread] WARNING: pipe error: 109: file z:/task_1565706750/build/src/ipc/chromium/src/chrome/common/ipc_channel_win.cc, line 341
[Child 101567507413771	Marionette	INFO	Stopped listening on port 51521
[GPU 19564, 
###!!! [Child][MessageChannel::SendAndWait] Error: Channel error: cannot send/recv

1567511852350	mozrunner::runner	INFO	Running command: "C:\\Program Files\\Mozilla Firefox\\firefox.exe" "-marionette" "-foreground" "-no-remote" "-profile" "C:\\Users\\MARTIN~1.CHE\\AppData\\Local\\Temp\\rust_mozprofile.Hy5fYnTb9HRT"
1567511853517	addons.webextension.screenshots@mozilla.org	WARN	Loading extension 'screenshots@mozilla.org': Reading manifest: Invalid extension permission: mozillaAddons
1567511853517	addons.webextension.screenshots@mozilla.org	WARN	Loading extension 'screenshots@mozilla.org': Reading manifest: Invalid extension permission: telemetry
1567511853518	addons.webextension.screenshots@mozilla.org	WARN	Loading extension 'screenshots@mozilla.org': Reading manifest: Invalid extension permission: resource://pdf.js/
1567511853518	addons.webextension.screenshots@mozilla.org	WARN	Loading extension 'screenshots@mozilla.org': Reading manifest: Invalid extension permission: about:reader*
1567511855877	Marionette	INFO	Listening on port 51661
1567511856353	Marionette	WARN	TLS certificate errors will be ignored for this session
JavaScript warning: https://www.realestate.com.au/sold/public/vendors-27dc1d2347f24475a16d.js, line 3: Using //@ to indicate sourceMappingURL pragmas is deprecated. Use //# instead
JavaScript warning: https://www.realestate.com.au/sold/public/vendors-27dc1d2347f24475a16d.js, line 6: Using //@ to indicate sourceMappingURL pragmas is deprecated. Use //# instead
JavaScript warning: https://www.realestate.com.au/sold/public/vendors-27dc1d2347f24475a16d.js, line 3: Using //@ to indicate sourceMappingURL pragmas is deprecated. Use //# instead
JavaScript warning: https://www.realestate.com.au/sold/public/vendors-27dc1d2347f24475a16d.js, line 6: Using //@ to indicate sourceMappingURL pragmas is deprecated. Use //# instead
JavaScript warning: https://static.adsafeprotected.com/sca.17.4.95.js, line 32: Array.slice is deprecated; use Array.prototype.slice instead
[Parent 27048, Gecko_IOThread] WARNING: pipe error: 109: file z:/task_1565706750/build/src/ipc/chromium/src/chrome/common/ipc_channel_win.cc, line 341
[Child 21260, Chrome_ChildThread] WARNING: pipe error: 109: file z:/task_1565706750/build/src/ipc/chromium/src/chrome/common/ipc_channel_win.cc, line 341
[Ch[Parent 27048, Gecko_IOThread] WARNING: pipe error: 109: file z:/task_1565706750/build/src/ipc/chromium/src/chrome/common/ipc_channel_win.cc, line 341
[Child 4020, Chrome_ChildThread] WARNING: pipe error: 109: file z:/task_1565706750/build/src/ipc/chromium/src/chrome/common/ipc_channel_win.cc, line 341
[Child 4020, Chrome_ChildThread] WARNING: pipe error: 109: fi
###!!! [Child][MessageChannel] Error: (msgtype=0x530005,name=PHttpChannel::Msg_Cancel) Closed channel: cannot send/recv

le z:/task_1565706750/[Parent 27048, Gecko_IOThread] WARNING: pipe error: 109: file z:/task_1565706750/build/src/ipc/chromium/src/chrome/common/ipc_channel_win.cc, line 341
[Child 27076, Chrome_ChildThread] WARNING: pipe error: 109: file z:/task_1565706750/build/src/ipc/chromium/src/chrome/common/ipc_channel_win.cc, line 341
[Child 27076, C1567511989860	Marionette	INFO	Stopped listening on port 51661
[GPU 15796, Chr
###!!! [Child][RunMessage] Error: Channel closing: too late to send/recv, messages will be lost

o
###!!! [Child][MessageChannel::SendAndWait] Error: Channel error: cannot send/recv

